c:\users\codey\documents\cs 372\generallistsivley\generallistsivley\debug\vc142.pdb
c:\users\codey\documents\cs 372\generallistsivley\generallistsivley\debug\vc142.idb
c:\users\codey\documents\cs 372\generallistsivley\generallistsivley\debug\codeyadd.obj
c:\users\codey\documents\cs 372\generallistsivley\generallistsivley\debug\generallistsivley.obj
c:\users\codey\documents\cs 372\generallistsivley\debug\generallistsivley.exe
c:\users\codey\documents\cs 372\generallistsivley\debug\generallistsivley.ilk
c:\users\codey\documents\cs 372\generallistsivley\debug\generallistsivley.pdb
c:\users\codey\documents\cs 372\generallistsivley\generallistsivley\debug\generallistsivley.obj.enc
c:\users\codey\documents\cs 372\generallistsivley\generallistsivley\debug\generall.bf800b2c.tlog\cl.command.1.tlog
c:\users\codey\documents\cs 372\generallistsivley\generallistsivley\debug\generall.bf800b2c.tlog\cl.read.1.tlog
c:\users\codey\documents\cs 372\generallistsivley\generallistsivley\debug\generall.bf800b2c.tlog\cl.write.1.tlog
c:\users\codey\documents\cs 372\generallistsivley\generallistsivley\debug\generall.bf800b2c.tlog\link-cvtres.read.1.tlog
c:\users\codey\documents\cs 372\generallistsivley\generallistsivley\debug\generall.bf800b2c.tlog\link-cvtres.write.1.tlog
c:\users\codey\documents\cs 372\generallistsivley\generallistsivley\debug\generall.bf800b2c.tlog\link-rc.read.1.tlog
c:\users\codey\documents\cs 372\generallistsivley\generallistsivley\debug\generall.bf800b2c.tlog\link-rc.write.1.tlog
c:\users\codey\documents\cs 372\generallistsivley\generallistsivley\debug\generall.bf800b2c.tlog\link.9608-cvtres.read.1.tlog
c:\users\codey\documents\cs 372\generallistsivley\generallistsivley\debug\generall.bf800b2c.tlog\link.9608-cvtres.write.1.tlog
c:\users\codey\documents\cs 372\generallistsivley\generallistsivley\debug\generall.bf800b2c.tlog\link.9608-rc.read.1.tlog
c:\users\codey\documents\cs 372\generallistsivley\generallistsivley\debug\generall.bf800b2c.tlog\link.9608-rc.write.1.tlog
c:\users\codey\documents\cs 372\generallistsivley\generallistsivley\debug\generall.bf800b2c.tlog\link.9608.read.1.tlog
c:\users\codey\documents\cs 372\generallistsivley\generallistsivley\debug\generall.bf800b2c.tlog\link.9608.write.1.tlog
c:\users\codey\documents\cs 372\generallistsivley\generallistsivley\debug\generall.bf800b2c.tlog\link.command.1.tlog
c:\users\codey\documents\cs 372\generallistsivley\generallistsivley\debug\generall.bf800b2c.tlog\link.read.1.tlog
c:\users\codey\documents\cs 372\generallistsivley\generallistsivley\debug\generall.bf800b2c.tlog\link.write.1.tlog
